<?xml version="1.0" encoding="UTF-8"?>
<!-- Generated by org.testng.reporters.JUnitXMLReporter -->
<testsuite hostname="PC58" name="Logintest" tests="10" failures="0" timestamp="19 Oct 2015 19:55:18 GMT" time="191.201" errors="0">
  <testcase name="testLogin" time="9.424" classname="com.logintest.webdriver.LoginEmail"/>
  <testcase name="testLogin" time="9.198" classname="com.logintest.webdriver.LoginId"/>
  <testcase name="testLogin" time="17.759" classname="com.logintest.webdriver.LoginUserAndPassword"/>
  <testcase name="testBlankPassword" time="1.417" classname="com.logintest.webdriver.LoginValidations"/>
  <testcase name="testBlankUser" time="0.333" classname="com.logintest.webdriver.LoginValidations"/>
  <testcase name="testInvalidUser" time="5.029" classname="com.logintest.webdriver.LoginValidations"/>
  <testcase name="testLoginWrongPassword" time="4.986" classname="com.logintest.webdriver.LoginValidations"/>
  <testcase name="testLogout" time="4.629" classname="com.logintest.webdriver.Logout"/>
  <testcase name="testRecoverPasswordCancel" time="15.11" classname="com.logintest.webdriver.RecoverPassword"/>
  <testcase name="testRecoverPasswordClose" time="12.583" classname="com.logintest.webdriver.RecoverPassword"/>
</testsuite> <!-- Logintest -->
