<?xml version="1.0" encoding="UTF-8"?>
<!-- Generated by org.testng.reporters.JUnitXMLReporter -->
<testsuite hostname="PC58" name="Logintest" tests="10" failures="0" timestamp="21 Oct 2015 16:11:29 GMT" time="161.89" errors="0">
  <testcase name="testLogin" time="11.383" classname="com.logintest.webdriver.LoginEmail"/>
  <testcase name="testLogin" time="6.411" classname="com.logintest.webdriver.LoginId"/>
  <testcase name="testLogin" time="12.531" classname="com.logintest.webdriver.LoginUserAndPassword"/>
  <testcase name="testBlankPassword" time="1.584" classname="com.logintest.webdriver.LoginValidations"/>
  <testcase name="testBlankUser" time="0.279" classname="com.logintest.webdriver.LoginValidations"/>
  <testcase name="testInvalidUser" time="5.728" classname="com.logintest.webdriver.LoginValidations"/>
  <testcase name="testLoginWrongPassword" time="5.509" classname="com.logintest.webdriver.LoginValidations"/>
  <testcase name="testLogout" time="3.605" classname="com.logintest.webdriver.Logout"/>
  <testcase name="testRecoverPasswordCancel" time="10.997" classname="com.logintest.webdriver.RecoverPassword"/>
  <testcase name="testRecoverPasswordClose" time="9.161" classname="com.logintest.webdriver.RecoverPassword"/>
</testsuite> <!-- Logintest -->
