<?xml version="1.0" encoding="UTF-8"?>
<testng-results skipped="0" failed="0" total="7" passed="7">
  <reporter-output>
  </reporter-output>
  <suite name="Default suite" duration-ms="10856" started-at="2015-10-09T15:45:01Z" finished-at="2015-10-09T15:45:12Z">
    <groups>
    </groups>
    <test name="Default test" duration-ms="10856" started-at="2015-10-09T15:45:01Z" finished-at="2015-10-09T15:45:12Z">
      <class name="HelpCenter.HelpCenterForm">
        <test-method status="PASS" signature="setup()[pri:0, instance:HelpCenter.HelpCenterForm@3336e6b6]" name="setup" is-config="true" duration-ms="22434" started-at="2015-10-09T12:44:39Z" finished-at="2015-10-09T12:45:01Z">
          <reporter-output>
          </reporter-output>
        </test-method> <!-- setup -->
        <test-method status="PASS" signature="testHelpCenterForm()[pri:0, instance:HelpCenter.HelpCenterForm@3336e6b6]" name="testHelpCenterForm" duration-ms="5384" started-at="2015-10-09T12:45:01Z" finished-at="2015-10-09T12:45:07Z">
          <reporter-output>
          </reporter-output>
        </test-method> <!-- testHelpCenterForm -->
        <test-method status="PASS" signature="testMandatoryFieldDocument()[pri:0, instance:HelpCenter.HelpCenterForm@3336e6b6]" name="testMandatoryFieldDocument" duration-ms="234" started-at="2015-10-09T12:45:07Z" finished-at="2015-10-09T12:45:07Z">
          <reporter-output>
          </reporter-output>
        </test-method> <!-- testMandatoryFieldDocument -->
        <test-method status="PASS" signature="testMandatoryFieldEmail()[pri:0, instance:HelpCenter.HelpCenterForm@3336e6b6]" name="testMandatoryFieldEmail" duration-ms="685" started-at="2015-10-09T12:45:07Z" finished-at="2015-10-09T12:45:08Z">
          <reporter-output>
          </reporter-output>
        </test-method> <!-- testMandatoryFieldEmail -->
        <test-method status="PASS" signature="testMandatoryFieldMotivoDelCaso()[pri:0, instance:HelpCenter.HelpCenterForm@3336e6b6]" name="testMandatoryFieldMotivoDelCaso" duration-ms="1073" started-at="2015-10-09T12:45:08Z" finished-at="2015-10-09T12:45:09Z">
          <reporter-output>
          </reporter-output>
        </test-method> <!-- testMandatoryFieldMotivoDelCaso -->
        <test-method status="PASS" signature="testMandatoryFieldTipoDeCaso()[pri:0, instance:HelpCenter.HelpCenterForm@3336e6b6]" name="testMandatoryFieldTipoDeCaso" duration-ms="1144" started-at="2015-10-09T12:45:09Z" finished-at="2015-10-09T12:45:10Z">
          <reporter-output>
          </reporter-output>
        </test-method> <!-- testMandatoryFieldTipoDeCaso -->
        <test-method status="PASS" signature="testMandatoryfieldAsunto()[pri:0, instance:HelpCenter.HelpCenterForm@3336e6b6]" name="testMandatoryfieldAsunto" duration-ms="1200" started-at="2015-10-09T12:45:10Z" finished-at="2015-10-09T12:45:11Z">
          <reporter-output>
          </reporter-output>
        </test-method> <!-- testMandatoryfieldAsunto -->
        <test-method status="PASS" signature="testMandatoryfieldDescripcion()[pri:0, instance:HelpCenter.HelpCenterForm@3336e6b6]" name="testMandatoryfieldDescripcion" duration-ms="1122" started-at="2015-10-09T12:45:11Z" finished-at="2015-10-09T12:45:12Z">
          <reporter-output>
          </reporter-output>
        </test-method> <!-- testMandatoryfieldDescripcion -->
        <test-method status="PASS" signature="tearDown()[pri:0, instance:HelpCenter.HelpCenterForm@3336e6b6]" name="tearDown" is-config="true" duration-ms="131" started-at="2015-10-09T12:45:12Z" finished-at="2015-10-09T12:45:12Z">
          <reporter-output>
          </reporter-output>
        </test-method> <!-- tearDown -->
      </class> <!-- HelpCenter.HelpCenterForm -->
    </test> <!-- Default test -->
  </suite> <!-- Default suite -->
</testng-results>
