<?xml version="1.0" encoding="UTF-8"?>
<testng-results skipped="0" failed="0" total="0" passed="0">
  <reporter-output>
  </reporter-output>
  <suite name="Default suite" duration-ms="5" started-at="2015-10-19T20:56:45Z" finished-at="2015-10-19T20:56:45Z">
    <groups>
    </groups>
    <test name="Default test" duration-ms="5" started-at="2015-10-19T20:56:45Z" finished-at="2015-10-19T20:56:45Z">
      <class name="com.environments.webdriver.EnvironmentBenefits">
        <test-method status="PASS" signature="setup()[pri:0, instance:com.environments.webdriver.EnvironmentBenefits@189cbd7c]" name="setup" is-config="true" duration-ms="34317" started-at="2015-10-19T17:56:11Z" finished-at="2015-10-19T17:56:45Z">
          <reporter-output>
          </reporter-output>
        </test-method> <!-- setup -->
        <test-method status="PASS" signature="tearDown()[pri:0, instance:com.environments.webdriver.EnvironmentBenefits@189cbd7c]" name="tearDown" is-config="true" duration-ms="70" started-at="2015-10-19T17:56:45Z" finished-at="2015-10-19T17:56:45Z">
          <reporter-output>
          </reporter-output>
        </test-method> <!-- tearDown -->
      </class> <!-- com.environments.webdriver.EnvironmentBenefits -->
    </test> <!-- Default test -->
  </suite> <!-- Default suite -->
</testng-results>
